e:\desktop\work\injectionmoldingmachine\inspection2022-2-18\inspection\x64\release\vc142.pdb
e:\desktop\work\injectionmoldingmachine\inspection2022-2-18\inspection\x64\release\mytimer.obj
e:\desktop\work\injectionmoldingmachine\inspection2022-2-18\inspection\x64\release\modbuscommuncation.obj
e:\desktop\work\injectionmoldingmachine\inspection2022-2-18\inspection\x64\release\main.obj
e:\desktop\work\injectionmoldingmachine\inspection2022-2-18\inspection\x64\release\imageprocess.obj
e:\desktop\work\injectionmoldingmachine\inspection2022-2-18\inspection\x64\release\common.obj
e:\desktop\work\injectionmoldingmachine\inspection2022-2-18\inspection\x64\release\cameradrive.obj
e:\desktop\work\injectionmoldingmachine\inspection2022-2-26\inspection\x64\release\vc142.pdb
e:\desktop\work\injectionmoldingmachine\inspection2022-2-26\inspection\x64\release\modbuscommuncation.obj
e:\desktop\work\injectionmoldingmachine\inspection2022-2-26\inspection\x64\release\cameradrive.obj
e:\desktop\work\injectionmoldingmachine\inspection2022-2-26\inspection\x64\release\imageprocess.obj
e:\desktop\work\injectionmoldingmachine\inspection2022-2-26\inspection\x64\release\mytimer.obj
e:\desktop\work\injectionmoldingmachine\inspection2022-2-26\inspection\x64\release\main.obj
e:\desktop\work\injectionmoldingmachine\inspection2022-2-26\inspection\x64\release\common.obj
e:\desktop\work\injectionmoldingmachine\inspection2022-2-17\inspection\x64\release\inspection.ipdb
e:\desktop\work\injectionmoldingmachine\inspection2022-2-17\inspection\x64\release\inspection.iobj
e:\desktop\work\injectionmoldingmachine\inspection2022-2-18\inspection\x64\release\inspection.ipdb
e:\desktop\work\injectionmoldingmachine\inspection2022-2-18\inspection\x64\release\inspection.iobj
e:\desktop\work\injectionmoldingmachine\inspection2022-2-26\inspection\x64\release\inspection.ipdb
e:\desktop\work\injectionmoldingmachine\inspection2022-2-26\inspection\x64\release\inspection.iobj
e:\desktop\work\injectionmoldingmachine\inspection2022-2-18\inspection\x64\release\inspection.exe
e:\desktop\work\injectionmoldingmachine\inspection2022-2-18\inspection\x64\release\inspection.pdb
e:\desktop\work\injectionmoldingmachine\inspection2022-2-26\inspection\x64\release\inspection.exe
e:\desktop\work\injectionmoldingmachine\inspection2022-2-26\inspection\x64\release\inspection.pdb
e:\desktop\work\injectionmoldingmachine\inspection2022-2-26\inspection\x64\release\inspection.tlog\cl.command.1.tlog
e:\desktop\work\injectionmoldingmachine\inspection2022-2-26\inspection\x64\release\inspection.tlog\cl.read.1.tlog
e:\desktop\work\injectionmoldingmachine\inspection2022-2-26\inspection\x64\release\inspection.tlog\cl.write.1.tlog
e:\desktop\work\injectionmoldingmachine\inspection2022-2-26\inspection\x64\release\inspection.tlog\inspection.write.1u.tlog
e:\desktop\work\injectionmoldingmachine\inspection2022-2-26\inspection\x64\release\inspection.tlog\link.command.1.tlog
e:\desktop\work\injectionmoldingmachine\inspection2022-2-26\inspection\x64\release\inspection.tlog\link.read.1.tlog
e:\desktop\work\injectionmoldingmachine\inspection2022-2-26\inspection\x64\release\inspection.tlog\link.write.1.tlog
