e:\desktop\work\inspection\qt\project\project\x64\debug\vc142.pdb
e:\desktop\work\inspection\qt\project\project\x64\debug\qrc_project.obj
e:\desktop\work\inspection\qt\project\project\x64\debug\communication.obj
e:\desktop\work\inspection\qt\project\project\x64\debug\view.obj
e:\desktop\work\inspection\qt\project\project\x64\debug\cameradrive.obj
e:\desktop\work\inspection\qt\project\project\x64\debug\mythreadpool.obj
e:\desktop\work\inspection\qt\project\project\x64\debug\imageprocess.obj
e:\desktop\work\inspection\qt\project\project\x64\debug\mytimer.obj
e:\desktop\work\inspection\qt\project\project\x64\debug\main.obj
e:\desktop\work\inspection\qt\project\project\x64\debug\moc_view.obj
e:\desktop\work\inspection\qt\project\project\x64\debug\moc_communication.obj
e:\desktop\work\inspection\qt\project\project\x64\debug\moc_mythreadpool.obj
e:\desktop\work\inspection\qt\project\x64\debug\project.ilk
e:\desktop\work\inspection\qt\project\x64\debug\project.exe
e:\desktop\work\inspection\qt\project\x64\debug\project.pdb
e:\desktop\work\inspection\qt\project\project\x64\debug\moc\moc_view.cpp
e:\desktop\work\inspection\qt\project\project\x64\debug\moc\moc_communication.cpp
e:\desktop\work\inspection\qt\project\project\x64\debug\moc\moc_mythreadpool.cpp
e:\desktop\work\inspection\qt\project\project\x64\debug\uic\ui_view.h
e:\desktop\work\inspection\qt\project\project\x64\debug\rcc\qrc_project.cpp
e:\desktop\work\inspection\qt\project\project\x64\debug\project.tlog\cl.command.1.tlog
e:\desktop\work\inspection\qt\project\project\x64\debug\project.tlog\cl.read.1.tlog
e:\desktop\work\inspection\qt\project\project\x64\debug\project.tlog\cl.write.1.tlog
e:\desktop\work\inspection\qt\project\project\x64\debug\project.tlog\link.command.1.tlog
e:\desktop\work\inspection\qt\project\project\x64\debug\project.tlog\link.read.1.tlog
e:\desktop\work\inspection\qt\project\project\x64\debug\project.tlog\link.write.1.tlog
e:\desktop\work\inspection\qt\project\project\x64\debug\project.tlog\moc.read.1u.tlog
e:\desktop\work\inspection\qt\project\project\x64\debug\project.tlog\moc.write.1u.tlog
e:\desktop\work\inspection\qt\project\project\x64\debug\project.tlog\project.write.1u.tlog
e:\desktop\work\inspection\qt\project\project\x64\debug\project.tlog\rcc.read.1u.tlog
e:\desktop\work\inspection\qt\project\project\x64\debug\project.tlog\rcc.write.1u.tlog
e:\desktop\work\inspection\qt\project\project\x64\debug\project.tlog\uic.read.1u.tlog
e:\desktop\work\inspection\qt\project\project\x64\debug\project.tlog\uic.write.1u.tlog
