  uic view.ui
  rcc project.qrc
  moc inc\myQTInc\view.h
  moc inc\myInc\processControl.h
   RCC: Warning: No resources in 'E:\desktop\work\inspection\main\project\project.qrc'.
  moc inc\myInc\communication.h
  CameraDrive.cpp
  communication.cpp
  imageProcess.cpp
  main.cpp
  myTimer.cpp
E:\desktop\work\inspection\main\project\src\imageProcess.cpp(331,11): warning C4477: “printf”: 格式字符串“%d”需要类型“int”的参数，但可变参数 1 拥有了类型“size_t”
E:\desktop\work\inspection\main\project\src\imageProcess.cpp(331,11): message : 请考虑在格式字符串中使用“%zd”
E:\desktop\work\inspection\main\project\src\imageProcess.cpp(808,10): warning C4477: “printf”: 格式字符串“%d”需要类型“int”的参数，但可变参数 1 拥有了类型“size_t”
E:\desktop\work\inspection\main\project\src\imageProcess.cpp(808,10): message : 请考虑在格式字符串中使用“%zd”
D:\Program Files (x86)\Microsoft Visual Studio\2019\Community\VC\Tools\MSVC\14.29.30133\include\utility(242,61): warning C4244: “初始化”: 从“_Ty”转换到“_Ty2”，可能丢失数据
          with
          [
              _Ty=unsigned __int64
          ]
          and
          [
              _Ty2=int
          ] (编译源文件 src\imageProcess.cpp)
E:\desktop\work\inspection\main\project\src\imageProcess.cpp(289): message : 查看对正在编译的函数 模板 实例化“std::pair<double,int>::pair<double,unsigned __int64,0>(std::pair<double,unsigned __int64> &&) noexcept”的引用
E:\desktop\work\inspection\main\project\src\imageProcess.cpp(289): message : 查看对正在编译的函数 模板 实例化“std::pair<double,int>::pair<double,unsigned __int64,0>(std::pair<double,unsigned __int64> &&) noexcept”的引用
D:\Program Files (x86)\Microsoft Visual Studio\2019\Community\VC\Tools\MSVC\14.29.30133\include\utility(312,39): warning C4244: “=”: 从“_Ty”转换到“_Ty2”，可能丢失数据
          with
          [
              _Ty=unsigned __int64
          ]
          and
          [
              _Ty2=int
          ] (编译源文件 src\imageProcess.cpp)
E:\desktop\work\inspection\main\project\src\imageProcess.cpp(772): message : 查看对正在编译的函数 模板 实例化“std::pair<double,int> &std::pair<double,int>::operator =<double,unsigned __int64,0>(std::pair<double,unsigned __int64> &&) noexcept”的引用
E:\desktop\work\inspection\main\project\src\imageProcess.cpp(772): message : 查看对正在编译的函数 模板 实例化“std::pair<double,int> &std::pair<double,int>::operator =<double,unsigned __int64,0>(std::pair<double,unsigned __int64> &&) noexcept”的引用
  processControl.cpp
  view.cpp
  qrc_project.cpp
  moc_view.cpp
  moc_processControl.cpp
  moc_communication.cpp
  project.vcxproj -> E:\desktop\work\inspection\main\x64\Release\project.exe
