e:\desktop\work\injectionmoldingmachine\inspection\main_deeplearning\project\x64\release\communication.obj
e:\desktop\work\injectionmoldingmachine\inspection\main_deeplearning\project\x64\release\main.obj
e:\desktop\work\injectionmoldingmachine\inspection\main_deeplearning\project\x64\release\mytimer.obj
e:\desktop\work\injectionmoldingmachine\inspection\main_deeplearning\project\x64\release\processcontrol.obj
e:\desktop\work\injectionmoldingmachine\inspection\main_deeplearning\project\x64\release\local_parameter.obj
e:\desktop\work\injectionmoldingmachine\inspection\main_deeplearning\project\x64\release\imageprocess.obj
e:\desktop\work\injectionmoldingmachine\inspection\main_deeplearning\project\x64\release\cameradrive.obj
e:\desktop\work\injectionmoldingmachine\inspection\main_deeplearning\project\x64\release\dl_interface.obj
e:\desktop\work\injectionmoldingmachine\inspection\main_deeplearning\project\x64\release\moc_view.obj
e:\desktop\work\injectionmoldingmachine\inspection\main_deeplearning\project\x64\release\moc_communication.obj
e:\desktop\work\injectionmoldingmachine\inspection\main_deeplearning\project\x64\release\moc_processcontrol.obj
e:\desktop\work\injectionmoldingmachine\inspection\main_deeplearning\project\x64\release\qrc_project.obj
e:\desktop\work\injectionmoldingmachine\inspection\main_deeplearning\project\x64\release\moc_infoboard.obj
e:\desktop\work\injectionmoldingmachine\inspection\main_deeplearning\project\x64\release\view.obj
e:\desktop\work\injectionmoldingmachine\inspection\main_deeplearning\x64\release\project.exe
e:\desktop\work\injectionmoldingmachine\inspection\main_deeplearning\project\x64\release\moc\moc_view.cpp
e:\desktop\work\injectionmoldingmachine\inspection\main_deeplearning\project\x64\release\uic\ui_view.h
e:\desktop\work\injectionmoldingmachine\inspection\main_deeplearning\project\x64\release\rcc\qrc_project.cpp
e:\desktop\work\injectionmoldingmachine\inspection\main_deeplearning\project\x64\release\moc\moc_processcontrol.cpp
e:\desktop\work\injectionmoldingmachine\inspection\main_deeplearning\project\x64\release\moc\moc_communication.cpp
e:\desktop\work\injectionmoldingmachine\inspection\main_deeplearning\x64\release\project.lib
e:\desktop\work\injectionmoldingmachine\inspection\main_deeplearning\x64\release\project.exp
e:\desktop\work\injectionmoldingmachine\inspection\main_deeplearning\project\x64\release\moc\moc_infoboard.cpp
e:\desktop\work\injectionmoldingmachine\inspection\main_deeplearning\project\x64\release\project.tlog\cl.command.1.tlog
e:\desktop\work\injectionmoldingmachine\inspection\main_deeplearning\project\x64\release\project.tlog\cl.read.1.tlog
e:\desktop\work\injectionmoldingmachine\inspection\main_deeplearning\project\x64\release\project.tlog\cl.write.1.tlog
e:\desktop\work\injectionmoldingmachine\inspection\main_deeplearning\project\x64\release\project.tlog\link.command.1.tlog
e:\desktop\work\injectionmoldingmachine\inspection\main_deeplearning\project\x64\release\project.tlog\link.read.1.tlog
e:\desktop\work\injectionmoldingmachine\inspection\main_deeplearning\project\x64\release\project.tlog\link.write.1.tlog
e:\desktop\work\injectionmoldingmachine\inspection\main_deeplearning\project\x64\release\project.tlog\moc.read.1u.tlog
e:\desktop\work\injectionmoldingmachine\inspection\main_deeplearning\project\x64\release\project.tlog\moc.write.1u.tlog
e:\desktop\work\injectionmoldingmachine\inspection\main_deeplearning\project\x64\release\project.tlog\project.write.1u.tlog
e:\desktop\work\injectionmoldingmachine\inspection\main_deeplearning\project\x64\release\project.tlog\rcc.read.1u.tlog
e:\desktop\work\injectionmoldingmachine\inspection\main_deeplearning\project\x64\release\project.tlog\rcc.write.1u.tlog
e:\desktop\work\injectionmoldingmachine\inspection\main_deeplearning\project\x64\release\project.tlog\uic.read.1u.tlog
e:\desktop\work\injectionmoldingmachine\inspection\main_deeplearning\project\x64\release\project.tlog\uic.write.1u.tlog
